<?xml version="1.0" encoding="UTF-8"?>
<coverage generated="1633069413179" clover="3.2.0">
  <project timestamp="1633069413179" name="All files">
    <metrics statements="11" coveredstatements="11" conditionals="0" coveredconditionals="0" methods="5" coveredmethods="5" elements="16" coveredelements="16" complexity="0" loc="11" ncloc="11" packages="2" files="5" classes="5"/>
    <package name="article">
      <metrics statements="7" coveredstatements="7" conditionals="0" coveredconditionals="0" methods="3" coveredmethods="3"/>
      <file name="ArticleAuthorElement.vue" path="/home/argulusyn/Projects/vue-tech-test/components/article/ArticleAuthorElement.vue">
        <metrics statements="1" coveredstatements="1" conditionals="0" coveredconditionals="0" methods="0" coveredmethods="0"/>
        <line num="13" count="2" type="stmt"/>
      </file>
      <file name="ArticleCard.vue" path="/home/argulusyn/Projects/vue-tech-test/components/article/ArticleCard.vue">
        <metrics statements="3" coveredstatements="3" conditionals="0" coveredconditionals="0" methods="2" coveredmethods="2"/>
        <line num="42" count="8" type="stmt"/>
        <line num="44" count="8" type="stmt"/>
        <line num="53" count="8" type="stmt"/>
      </file>
      <file name="ArticleDetails.vue" path="/home/argulusyn/Projects/vue-tech-test/components/article/ArticleDetails.vue">
        <metrics statements="3" coveredstatements="3" conditionals="0" coveredconditionals="0" methods="1" coveredmethods="1"/>
        <line num="19" count="1" type="stmt"/>
        <line num="40" count="8" type="stmt"/>
        <line num="41" count="8" type="stmt"/>
      </file>
    </package>
    <package name="common">
      <metrics statements="4" coveredstatements="4" conditionals="0" coveredconditionals="0" methods="2" coveredmethods="2"/>
      <file name="AppFooter.vue" path="/home/argulusyn/Projects/vue-tech-test/components/common/AppFooter.vue">
        <metrics statements="1" coveredstatements="1" conditionals="0" coveredconditionals="0" methods="0" coveredmethods="0"/>
        <line num="9" count="1" type="stmt"/>
      </file>
      <file name="AppHeader.vue" path="/home/argulusyn/Projects/vue-tech-test/components/common/AppHeader.vue">
        <metrics statements="3" coveredstatements="3" conditionals="0" coveredconditionals="0" methods="2" coveredmethods="2"/>
        <line num="39" count="1" type="stmt"/>
        <line num="56" count="4" type="stmt"/>
        <line num="66" count="1" type="stmt"/>
      </file>
    </package>
  </project>
</coverage>
