{"/home/argulusyn/Projects/vue-tech-test/components/article/ArticleAuthorElement.vue": {"path":"/home/argulusyn/Projects/vue-tech-test/components/article/ArticleAuthorElement.vue","statementMap":{"0":{"start":{"line":13,"column":0},"end":{"line":13,"column":null}}},"fnMap":{},"branchMap":{},"s":{"0":2},"f":{},"b":{}}
,"/home/argulusyn/Projects/vue-tech-test/components/article/ArticleCard.vue": {"path":"/home/argulusyn/Projects/vue-tech-test/components/article/ArticleCard.vue","statementMap":{"0":{"start":{"line":42,"column":0},"end":{"line":42,"column":null}},"1":{"start":{"line":44,"column":0},"end":{"line":44,"column":null}},"2":{"start":{"line":53,"column":0},"end":{"line":53,"column":null}}},"fnMap":{"0":{"name":"(anonymous_1)","decl":{"start":{"line":41,"column":0},"end":{"line":41,"column":null}},"loc":{"start":{"line":41,"column":0},"end":{"line":45,"column":null}}},"1":{"name":"(anonymous_2)","decl":{"start":{"line":52,"column":0},"end":{"line":52,"column":null}},"loc":{"start":{"line":52,"column":0},"end":{"line":54,"column":null}}}},"branchMap":{},"s":{"0":8,"1":8,"2":8},"f":{"0":8,"1":8},"b":{}}
,"/home/argulusyn/Projects/vue-tech-test/components/article/ArticleDetails.vue": {"path":"/home/argulusyn/Projects/vue-tech-test/components/article/ArticleDetails.vue","statementMap":{"0":{"start":{"line":19,"column":0},"end":{"line":19,"column":null}},"1":{"start":{"line":40,"column":0},"end":{"line":40,"column":null}},"2":{"start":{"line":41,"column":0},"end":{"line":41,"column":null}}},"fnMap":{"0":{"name":"(anonymous_2)","decl":{"start":{"line":39,"column":0},"end":{"line":39,"column":null}},"loc":{"start":{"line":39,"column":0},"end":{"line":42,"column":null}}}},"branchMap":{},"s":{"0":1,"1":8,"2":8},"f":{"0":8},"b":{}}
,"/home/argulusyn/Projects/vue-tech-test/components/common/AppFooter.vue": {"path":"/home/argulusyn/Projects/vue-tech-test/components/common/AppFooter.vue","statementMap":{"0":{"start":{"line":9,"column":0},"end":{"line":9,"column":null}}},"fnMap":{},"branchMap":{},"s":{"0":1},"f":{},"b":{}}
,"/home/argulusyn/Projects/vue-tech-test/components/common/AppHeader.vue": {"path":"/home/argulusyn/Projects/vue-tech-test/components/common/AppHeader.vue","statementMap":{"0":{"start":{"line":39,"column":0},"end":{"line":39,"column":null}},"1":{"start":{"line":56,"column":0},"end":{"line":56,"column":null}},"2":{"start":{"line":66,"column":0},"end":{"line":66,"column":null}}},"fnMap":{"0":{"name":"(anonymous_1)","decl":{"start":{"line":55,"column":0},"end":{"line":55,"column":null}},"loc":{"start":{"line":55,"column":0},"end":{"line":59,"column":null}}},"1":{"name":"(anonymous_2)","decl":{"start":{"line":65,"column":0},"end":{"line":65,"column":null}},"loc":{"start":{"line":65,"column":0},"end":{"line":67,"column":null}}}},"branchMap":{},"s":{"0":1,"1":4,"2":1},"f":{"0":4,"1":1},"b":{}}
}
