TN:
SF:components/article/ArticleAuthorElement.vue
FNF:0
FNH:0
DA:13,2
LF:1
LH:1
BRF:0
BRH:0
end_of_record
TN:
SF:components/article/ArticleCard.vue
FN:41,(anonymous_1)
FN:52,(anonymous_2)
FNF:2
FNH:2
FNDA:8,(anonymous_1)
FNDA:8,(anonymous_2)
DA:42,8
DA:44,8
DA:53,8
LF:3
LH:3
BRF:0
BRH:0
end_of_record
TN:
SF:components/article/ArticleDetails.vue
FN:39,(anonymous_2)
FNF:1
FNH:1
FNDA:8,(anonymous_2)
DA:19,1
DA:40,8
DA:41,8
LF:3
LH:3
BRF:0
BRH:0
end_of_record
TN:
SF:components/common/AppFooter.vue
FNF:0
FNH:0
DA:9,1
LF:1
LH:1
BRF:0
BRH:0
end_of_record
TN:
SF:components/common/AppHeader.vue
FN:55,(anonymous_1)
FN:65,(anonymous_2)
FNF:2
FNH:2
FNDA:4,(anonymous_1)
FNDA:1,(anonymous_2)
DA:39,1
DA:56,4
DA:66,1
LF:3
LH:3
BRF:0
BRH:0
end_of_record
